2019-08-02 10:12:41 0 InformationUser profile is available. Using 'C:\Users\Home\AppData\Local\ASP.NET\DataProtection-Keys' as key repository and Windows DPAPI to encrypt keys at rest.
2019-08-02 10:12:41 1 InformationRequest starting HTTP/1.1 GET http://localhost:44315/  
2019-08-02 10:12:41 2 InformationAccessing expired session, Key:79e102e0-907b-3d7f-b333-bffea677d21f
02/08/2019 10:12:42 3 InformationRoute matched with {action = "Index", controller = "Home"}. Executing controller action with signature Microsoft.AspNetCore.Mvc.IActionResult Index() on controller TicTacToe.Controllers.HomeController (TicTacToe).
02/08/2019 10:12:42 1 InformationExecuting action method TicTacToe.Controllers.HomeController.Index (TicTacToe) - Validation state: Valid
02/08/2019 10:12:42 2 InformationExecuted action method TicTacToe.Controllers.HomeController.Index (TicTacToe), returned result Microsoft.AspNetCore.Mvc.ViewResult in 77.3568ms.
02/08/2019 10:12:42 1 InformationExecuting ViewResult, running view Index.
02/08/2019 10:12:42 4 InformationExecuted ViewResult - view Index executed in 398.9944ms.
02/08/2019 10:12:42 2 InformationExecuted action TicTacToe.Controllers.HomeController.Index (TicTacToe) in 523.9024ms
2019-08-02 10:12:42 2 InformationRequest finished in 828.0996ms 200 text/html; charset=utf-8
2019-08-02 10:12:47 1 InformationRequest starting HTTP/1.1 GET http://localhost:44315/Home/SetCulture?culture=PL  
02.08.2019 10:12:47 3 InformationRoute matched with {action = "SetCulture", controller = "Home"}. Executing controller action with signature Microsoft.AspNetCore.Mvc.IActionResult SetCulture(System.String) on controller TicTacToe.Controllers.HomeController (TicTacToe).
02.08.2019 10:12:47 1 InformationExecuting action method TicTacToe.Controllers.HomeController.SetCulture (TicTacToe) - Validation state: Valid
02.08.2019 10:12:47 2 InformationAccessing expired session, Key:79e102e0-907b-3d7f-b333-bffea677d21f
02.08.2019 10:12:47 2 InformationExecuted action method TicTacToe.Controllers.HomeController.SetCulture (TicTacToe), returned result Microsoft.AspNetCore.Mvc.RedirectToActionResult in 6.3154ms.
02.08.2019 10:12:47 1 InformationExecuting RedirectResult, redirecting to /.
02.08.2019 10:12:47 2 InformationExecuted action TicTacToe.Controllers.HomeController.SetCulture (TicTacToe) in 41.5797ms
2019-08-02 10:12:47 3 InformationSession started; Key:79e102e0-907b-3d7f-b333-bffea677d21f, Id:564ab927-b389-fa14-d920-8874f845e06d
2019-08-02 10:12:47 2 InformationRequest finished in 93.5935ms 302 
2019-08-02 10:12:47 1 InformationRequest starting HTTP/1.1 GET http://localhost:44315/  
02.08.2019 10:12:47 3 InformationRoute matched with {action = "Index", controller = "Home"}. Executing controller action with signature Microsoft.AspNetCore.Mvc.IActionResult Index() on controller TicTacToe.Controllers.HomeController (TicTacToe).
02.08.2019 10:12:47 1 InformationExecuting action method TicTacToe.Controllers.HomeController.Index (TicTacToe) - Validation state: Valid
02.08.2019 10:12:47 2 InformationExecuted action method TicTacToe.Controllers.HomeController.Index (TicTacToe), returned result Microsoft.AspNetCore.Mvc.ViewResult in 1.8671ms.
02.08.2019 10:12:47 1 InformationExecuting ViewResult, running view Index.
02.08.2019 10:12:47 4 InformationExecuted ViewResult - view Index executed in 18.8912ms.
02.08.2019 10:12:47 2 InformationExecuted action TicTacToe.Controllers.HomeController.Index (TicTacToe) in 35.0204ms
2019-08-02 10:12:47 2 InformationRequest finished in 50.858ms 200 text/html; charset=utf-8
2019-08-02 10:12:50 1 InformationRequest starting HTTP/1.1 GET http://localhost:44315/UserRegistration  
02.08.2019 10:12:50 3 InformationRoute matched with {action = "Index", controller = "UserRegistration"}. Executing controller action with signature Microsoft.AspNetCore.Mvc.IActionResult Index() on controller TicTacToe.Controllers.UserRegistrationController (TicTacToe).
02.08.2019 10:12:50 1 InformationExecuting action method TicTacToe.Controllers.UserRegistrationController.Index (TicTacToe) - Validation state: Valid
02.08.2019 10:12:50 2 InformationExecuted action method TicTacToe.Controllers.UserRegistrationController.Index (TicTacToe), returned result Microsoft.AspNetCore.Mvc.ViewResult in 0.3239ms.
02.08.2019 10:12:50 1 InformationExecuting ViewResult, running view Index.
02.08.2019 10:12:50 4 InformationExecuted ViewResult - view Index executed in 90.7775ms.
02.08.2019 10:12:50 2 InformationExecuted action TicTacToe.Controllers.UserRegistrationController.Index (TicTacToe) in 113.1724ms
2019-08-02 10:12:50 2 InformationRequest finished in 137.6049ms 200 text/html; charset=utf-8
2019-08-02 10:12:58 1 InformationRequest starting HTTP/1.1 POST http://localhost:44315/UserRegistration application/x-www-form-urlencoded 262
02.08.2019 10:12:58 3 InformationRoute matched with {action = "Index", controller = "UserRegistration"}. Executing controller action with signature System.Threading.Tasks.Task`1[Microsoft.AspNetCore.Mvc.IActionResult] Index(TicTacToe.Models.UserModel) on controller TicTacToe.Controllers.UserRegistrationController (TicTacToe).
02.08.2019 10:12:58 1 InformationExecuting action method TicTacToe.Controllers.UserRegistrationController.Index (TicTacToe) - Validation state: Valid
02.08.2019 10:12:58 2 InformationExecuted action method TicTacToe.Controllers.UserRegistrationController.Index (TicTacToe), returned result Microsoft.AspNetCore.Mvc.RedirectToActionResult in 6.5921ms.
02.08.2019 10:12:58 1 InformationExecuting RedirectResult, redirecting to /UserRegistration/EmailConfirmation?Email=ochabadrian1@gmail.com.
02.08.2019 10:12:58 2 InformationExecuted action TicTacToe.Controllers.UserRegistrationController.Index (TicTacToe) in 77.881ms
2019-08-02 10:12:58 2 InformationRequest finished in 108.0796ms 302 
2019-08-02 10:12:58 1 InformationRequest starting HTTP/1.1 GET http://localhost:44315/UserRegistration/EmailConfirmation?Email=ochabadrian1@gmail.com  
2019-08-02 10:12:58 1 WarningCultureProviderResolverService returned the following unsupported cultures ''.
2019-08-02 10:12:58 2 WarningCultureProviderResolverService returned the following unsupported UI Cultures ''.
02/08/2019 10:12:58 3 InformationRoute matched with {action = "EmailConfirmation", controller = "UserRegistration"}. Executing controller action with signature System.Threading.Tasks.Task`1[Microsoft.AspNetCore.Mvc.IActionResult] EmailConfirmation(System.String) on controller TicTacToe.Controllers.UserRegistrationController (TicTacToe).
02/08/2019 10:12:58 1 InformationExecuting action method TicTacToe.Controllers.UserRegistrationController.EmailConfirmation (TicTacToe) - Validation state: Valid
02/08/2019 10:13:00 2 InformationExecuted action method TicTacToe.Controllers.UserRegistrationController.EmailConfirmation (TicTacToe), returned result Microsoft.AspNetCore.Mvc.ViewResult in 1076.013ms.
02/08/2019 10:13:00 1 InformationExecuting ViewResult, running view EmailConfirmation.
02/08/2019 10:13:00 4 InformationExecuted ViewResult - view EmailConfirmation executed in 25.2235ms.
02/08/2019 10:13:00 2 InformationExecuted action TicTacToe.Controllers.UserRegistrationController.EmailConfirmation (TicTacToe) in 1114.5346ms
2019-08-02 10:13:00 2 InformationRequest finished in 1146.1257ms 200 text/html; charset=utf-8
2019-08-02 10:13:01 1 InformationRequest starting HTTP/1.1 GET http://localhost:44315/CheckEmailConfirmationStatus  
2019-08-02 10:13:01 1 InformationRequest starting HTTP/1.1 GET http://localhost:44315/GameInvitation?email=ochabadrian1@gmail.com  
2019-08-02 10:13:01 1 WarningCultureProviderResolverService returned the following unsupported cultures ''.
2019-08-02 10:13:01 2 WarningCultureProviderResolverService returned the following unsupported UI Cultures ''.
02/08/2019 10:13:01 3 InformationRoute matched with {action = "Index", controller = "GameInvitation"}. Executing controller action with signature System.Threading.Tasks.Task`1[Microsoft.AspNetCore.Mvc.IActionResult] Index(System.String) on controller TicTacToe.Controllers.GameInvitationController (TicTacToe).
02/08/2019 10:13:01 1 InformationExecuting action method TicTacToe.Controllers.GameInvitationController.Index (TicTacToe) - Validation state: Valid
02/08/2019 10:13:01 2 InformationExecuted action method TicTacToe.Controllers.GameInvitationController.Index (TicTacToe), returned result Microsoft.AspNetCore.Mvc.ViewResult in 1.0624ms.
02/08/2019 10:13:01 1 InformationExecuting ViewResult, running view Index.
02/08/2019 10:13:01 4 InformationExecuted ViewResult - view Index executed in 23.5119ms.
02/08/2019 10:13:01 2 InformationExecuted action TicTacToe.Controllers.GameInvitationController.Index (TicTacToe) in 39.9831ms
2019-08-02 10:13:01 2 InformationRequest finished in 69.0247ms 200 text/html; charset=utf-8
2019-08-02 10:13:02 2 InformationRequest finished in 627.8704ms 101 
2019-08-02 10:13:10 1 InformationRequest starting HTTP/1.1 POST http://localhost:44315/GameInvitation application/x-www-form-urlencoded 193
02.08.2019 10:13:10 3 InformationRoute matched with {action = "Index", controller = "GameInvitation"}. Executing controller action with signature Microsoft.AspNetCore.Mvc.IActionResult Index(TicTacToe.Models.GameInvitationModel) on controller TicTacToe.Controllers.GameInvitationController (TicTacToe).
02.08.2019 10:13:10 1 InformationExecuting action method TicTacToe.Controllers.GameInvitationController.Index (TicTacToe) - Validation state: Valid
02.08.2019 10:13:10 2 InformationExecuted action method TicTacToe.Controllers.GameInvitationController.Index (TicTacToe), returned result Microsoft.AspNetCore.Mvc.ContentResult in 0.8334ms.
02.08.2019 10:13:10 1 InformationExecuting ContentResult with HTTP Response ContentType of text/plain; charset=utf-8
02.08.2019 10:13:10 2 InformationExecuted action TicTacToe.Controllers.GameInvitationController.Index (TicTacToe) in 20.2961ms
2019-08-02 10:13:10 2 InformationRequest finished in 45.151ms 200 text/plain; charset=utf-8
2019-08-02 10:13:12 1 InformationRequest starting HTTP/1.1 GET http://localhost:44315/GameInvitation?email=ochabadrian1@gmail.com  
2019-08-02 10:13:12 1 WarningCultureProviderResolverService returned the following unsupported cultures ''.
2019-08-02 10:13:12 2 WarningCultureProviderResolverService returned the following unsupported UI Cultures ''.
02/08/2019 10:13:12 3 InformationRoute matched with {action = "Index", controller = "GameInvitation"}. Executing controller action with signature System.Threading.Tasks.Task`1[Microsoft.AspNetCore.Mvc.IActionResult] Index(System.String) on controller TicTacToe.Controllers.GameInvitationController (TicTacToe).
02/08/2019 10:13:12 1 InformationExecuting action method TicTacToe.Controllers.GameInvitationController.Index (TicTacToe) - Validation state: Valid
02/08/2019 10:13:12 2 InformationExecuted action method TicTacToe.Controllers.GameInvitationController.Index (TicTacToe), returned result Microsoft.AspNetCore.Mvc.ViewResult in 0.0837ms.
02/08/2019 10:13:12 1 InformationExecuting ViewResult, running view Index.
02/08/2019 10:13:12 4 InformationExecuted ViewResult - view Index executed in 6.2144ms.
02/08/2019 10:13:12 2 InformationExecuted action TicTacToe.Controllers.GameInvitationController.Index (TicTacToe) in 18.7705ms
2019-08-02 10:13:12 2 InformationRequest finished in 42.6955ms 200 text/html; charset=utf-8
2019-08-02 10:13:17 1 InformationRequest starting HTTP/1.1 POST http://localhost:44315/GameInvitation application/x-www-form-urlencoded 209
02.08.2019 10:13:17 3 InformationRoute matched with {action = "Index", controller = "GameInvitation"}. Executing controller action with signature Microsoft.AspNetCore.Mvc.IActionResult Index(TicTacToe.Models.GameInvitationModel) on controller TicTacToe.Controllers.GameInvitationController (TicTacToe).
02.08.2019 10:13:17 1 InformationExecuting action method TicTacToe.Controllers.GameInvitationController.Index (TicTacToe) - Validation state: Valid
02.08.2019 10:13:17 2 InformationExecuted action method TicTacToe.Controllers.GameInvitationController.Index (TicTacToe), returned result Microsoft.AspNetCore.Mvc.ContentResult in 0.0381ms.
02.08.2019 10:13:17 1 InformationExecuting ContentResult with HTTP Response ContentType of text/plain; charset=utf-8
02.08.2019 10:13:17 2 InformationExecuted action TicTacToe.Controllers.GameInvitationController.Index (TicTacToe) in 14.6495ms
2019-08-02 10:13:17 2 InformationRequest finished in 33.5831ms 200 text/plain; charset=utf-8
