2019-08-02 20:30:52 0 InformationUser profile is available. Using 'C:\Users\Home\AppData\Local\ASP.NET\DataProtection-Keys' as key repository and Windows DPAPI to encrypt keys at rest.
2019-08-02 20:30:53 1 InformationRequest starting HTTP/1.1 GET http://localhost:44315/  
02/08/2019 20:30:54 3 InformationRoute matched with {action = "Index", controller = "Home"}. Executing controller action with signature Microsoft.AspNetCore.Mvc.IActionResult Index() on controller TicTacToe.Controllers.HomeController (TicTacToe).
02/08/2019 20:30:54 1 InformationExecuting action method TicTacToe.Controllers.HomeController.Index (TicTacToe) - Validation state: Valid
02/08/2019 20:30:54 2 InformationExecuted action method TicTacToe.Controllers.HomeController.Index (TicTacToe), returned result Microsoft.AspNetCore.Mvc.ViewResult in 95.122ms.
02/08/2019 20:30:54 1 InformationExecuting ViewResult, running view Index.
02/08/2019 20:30:54 4 InformationExecuted ViewResult - view Index executed in 329.3589ms.
02/08/2019 20:30:54 2 InformationExecuted action TicTacToe.Controllers.HomeController.Index (TicTacToe) in 464.6032ms
2019-08-02 20:30:54 2 InformationRequest finished in 1008.4925ms 200 text/html; charset=utf-8
2019-08-02 20:30:55 1 InformationRequest starting HTTP/1.1 GET http://localhost:44315/css/site.min.css?v=88ckcPm6KGGopSq4FjDTYkuvtxji_WGWj2rsZ6LM5gA  
2019-08-02 20:30:55 1 InformationRequest starting HTTP/1.1 GET http://localhost:44315/js/site.min.js?v=WioGzW0g1dCdQe-CD4-0XA8HHhXh-LPpHiVBZDxYYNU  
2019-08-02 20:30:55 6 InformationThe file /js/site.min.js was not modified
2019-08-02 20:30:55 6 InformationThe file /css/site.min.css was not modified
2019-08-02 20:30:55 2 InformationRequest finished in 25.4029ms 304 application/javascript
2019-08-02 20:30:55 2 InformationRequest finished in 32.1767ms 304 text/css
2019-08-02 20:30:56 1 InformationRequest starting HTTP/1.1 GET http://localhost:44315/UserRegistration  
02/08/2019 20:30:56 3 InformationRoute matched with {action = "Index", controller = "UserRegistration"}. Executing controller action with signature Microsoft.AspNetCore.Mvc.IActionResult Index() on controller TicTacToe.Controllers.UserRegistrationController (TicTacToe).
02/08/2019 20:30:56 1 InformationExecuting action method TicTacToe.Controllers.UserRegistrationController.Index (TicTacToe) - Validation state: Valid
02/08/2019 20:30:56 2 InformationExecuted action method TicTacToe.Controllers.UserRegistrationController.Index (TicTacToe), returned result Microsoft.AspNetCore.Mvc.ViewResult in 0.2273ms.
02/08/2019 20:30:56 1 InformationExecuting ViewResult, running view Index.
02/08/2019 20:30:56 4 InformationExecuted ViewResult - view Index executed in 71.0361ms.
02/08/2019 20:30:56 2 InformationExecuted action TicTacToe.Controllers.UserRegistrationController.Index (TicTacToe) in 80.1873ms
2019-08-02 20:30:56 2 InformationRequest finished in 95.0095ms 200 text/html; charset=utf-8
2019-08-02 20:31:04 1 InformationRequest starting HTTP/1.1 POST http://localhost:44315/UserRegistration application/x-www-form-urlencoded 256
02/08/2019 20:31:04 3 InformationRoute matched with {action = "Index", controller = "UserRegistration"}. Executing controller action with signature System.Threading.Tasks.Task`1[Microsoft.AspNetCore.Mvc.IActionResult] Index(TicTacToe.Models.UserModel) on controller TicTacToe.Controllers.UserRegistrationController (TicTacToe).
02/08/2019 20:31:04 1 InformationExecuting action method TicTacToe.Controllers.UserRegistrationController.Index (TicTacToe) - Validation state: Valid
02/08/2019 20:31:04 2 InformationExecuted action method TicTacToe.Controllers.UserRegistrationController.Index (TicTacToe), returned result Microsoft.AspNetCore.Mvc.RedirectToActionResult in 5.3723ms.
02/08/2019 20:31:04 1 InformationExecuting RedirectResult, redirecting to /UserRegistration/EmailConfirmation?Email=ochabadrian1@gmail.com.
02/08/2019 20:31:04 2 InformationExecuted action TicTacToe.Controllers.UserRegistrationController.Index (TicTacToe) in 80.8529ms
2019-08-02 20:31:04 2 InformationRequest finished in 117.7482ms 302 
2019-08-02 20:31:04 1 InformationRequest starting HTTP/1.1 GET http://localhost:44315/UserRegistration/EmailConfirmation?Email=ochabadrian1@gmail.com  
2019-08-02 20:31:04 1 WarningCultureProviderResolverService returned the following unsupported cultures ''.
2019-08-02 20:31:04 2 WarningCultureProviderResolverService returned the following unsupported UI Cultures ''.
02/08/2019 20:31:04 3 InformationRoute matched with {action = "EmailConfirmation", controller = "UserRegistration"}. Executing controller action with signature System.Threading.Tasks.Task`1[Microsoft.AspNetCore.Mvc.IActionResult] EmailConfirmation(System.String) on controller TicTacToe.Controllers.UserRegistrationController (TicTacToe).
02/08/2019 20:31:04 1 InformationExecuting action method TicTacToe.Controllers.UserRegistrationController.EmailConfirmation (TicTacToe) - Validation state: Valid
02/08/2019 20:31:04 0 Information##Start## E-mail confirmation process ochabadrian1@gmail.com
02/08/2019 20:31:04 0 Information##Start sendEmail method## Start sending email to ochabadrian1@gmail.com
02/08/2019 20:31:06 0 ErrorCan't send an e-mail System.Net.Mail.SmtpException: Failure sending mail. ---> System.Net.Internals.SocketExceptionFactory+ExtendedSocketException: Nie można nawiązać połączenia, ponieważ komputer docelowy aktywnie go odmawia 127.0.0.1:25
   at System.Net.Sockets.Socket.DoConnect(EndPoint endPointSnapshot, SocketAddress socketAddress)
   at System.Net.Sockets.Socket.Connect(EndPoint remoteEP)
   at System.Net.Sockets.TcpClient.Connect(IPEndPoint remoteEP)
   at System.Net.Sockets.TcpClient.Connect(String hostname, Int32 port)
--- End of stack trace from previous location where exception was thrown ---
   at System.Net.Sockets.TcpClient.Connect(String hostname, Int32 port)
   at System.Net.Mail.SmtpConnection.GetConnection(String host, Int32 port)
   at System.Net.Mail.SmtpTransport.GetConnection(String host, Int32 port)
   at System.Net.Mail.SmtpClient.GetConnection()
   at System.Net.Mail.SmtpClient.Send(MailMessage message)
   --- End of inner exception stack trace ---
   at System.Net.Mail.SmtpClient.Send(MailMessage message)
   at TicTacToe.Services.EmailService.SendEmail(String emailtTo, String subject, String message) in F:\Informatyka\.NET Core\Repos\TicTacToe\Services\EmailService.cs:line 42
02/08/2019 20:31:06 2 InformationExecuted action method TicTacToe.Controllers.UserRegistrationController.EmailConfirmation (TicTacToe), returned result Microsoft.AspNetCore.Mvc.ViewResult in 2203.2222ms.
02/08/2019 20:31:06 1 InformationExecuting ViewResult, running view EmailConfirmation.
02/08/2019 20:31:06 4 InformationExecuted ViewResult - view EmailConfirmation executed in 20.1597ms.
02/08/2019 20:31:06 2 InformationExecuted action TicTacToe.Controllers.UserRegistrationController.EmailConfirmation (TicTacToe) in 2230.1931ms
2019-08-02 20:31:06 2 InformationRequest finished in 2250.0886ms 200 text/html; charset=utf-8
2019-08-02 20:31:08 1 InformationRequest starting HTTP/1.1 GET http://localhost:44315/CheckEmailConfirmationStatus  
2019-08-02 20:31:09 1 InformationRequest starting HTTP/1.1 GET http://localhost:44315/GameInvitation?email=ochabadrian1@gmail.com  
2019-08-02 20:31:09 1 WarningCultureProviderResolverService returned the following unsupported cultures ''.
2019-08-02 20:31:09 2 WarningCultureProviderResolverService returned the following unsupported UI Cultures ''.
02/08/2019 20:31:09 3 InformationRoute matched with {action = "Index", controller = "GameInvitation"}. Executing controller action with signature System.Threading.Tasks.Task`1[Microsoft.AspNetCore.Mvc.IActionResult] Index(System.String) on controller TicTacToe.Controllers.GameInvitationController (TicTacToe).
02/08/2019 20:31:09 1 InformationExecuting action method TicTacToe.Controllers.GameInvitationController.Index (TicTacToe) - Validation state: Valid
02/08/2019 20:31:09 2 InformationExecuted action method TicTacToe.Controllers.GameInvitationController.Index (TicTacToe), returned result Microsoft.AspNetCore.Mvc.ViewResult in 1.1284ms.
02/08/2019 20:31:09 1 InformationExecuting ViewResult, running view Index.
02/08/2019 20:31:09 4 InformationExecuted ViewResult - view Index executed in 29.7949ms.
02/08/2019 20:31:09 2 InformationExecuted action TicTacToe.Controllers.GameInvitationController.Index (TicTacToe) in 37.1827ms
2019-08-02 20:31:09 3 InformationSession started; Key:39b06aa4-707c-ce85-9789-8c2d2fdcaac8, Id:76763ef4-5333-c515-ebd2-a3d686e69ee4
2019-08-02 20:31:09 2 InformationRequest finished in 57.0172ms 200 text/html; charset=utf-8
2019-08-02 20:31:09 2 InformationRequest finished in 680.0441ms 101 
2019-08-02 20:31:13 1 InformationRequest starting HTTP/1.1 POST http://localhost:44315/GameInvitation application/x-www-form-urlencoded 209
02/08/2019 20:31:13 3 InformationRoute matched with {action = "Index", controller = "GameInvitation"}. Executing controller action with signature Microsoft.AspNetCore.Mvc.IActionResult Index(TicTacToe.Models.GameInvitationModel) on controller TicTacToe.Controllers.GameInvitationController (TicTacToe).
02/08/2019 20:31:13 1 InformationExecuting action method TicTacToe.Controllers.GameInvitationController.Index (TicTacToe) - Validation state: Valid
02/08/2019 20:31:13 2 InformationExecuted action method TicTacToe.Controllers.GameInvitationController.Index (TicTacToe), returned result Microsoft.AspNetCore.Mvc.ContentResult in 0.7145ms.
02/08/2019 20:31:13 1 InformationExecuting ContentResult with HTTP Response ContentType of text/plain; charset=utf-8
02/08/2019 20:31:13 2 InformationExecuted action TicTacToe.Controllers.GameInvitationController.Index (TicTacToe) in 12.9882ms
2019-08-02 20:31:13 2 InformationRequest finished in 22.4488ms 200 text/plain; charset=utf-8
