2019-08-03 09:14:43 0 InformationUser profile is available. Using 'C:\Users\Home\AppData\Local\ASP.NET\DataProtection-Keys' as key repository and Windows DPAPI to encrypt keys at rest.
2019-08-03 09:14:45 1 InformationRequest starting HTTP/1.1 GET http://localhost:44315/  
2019-08-03 09:14:45 1 InformationRequest starting HTTP/1.1 DEBUG http://localhost:27709/  0
2019-08-03 09:14:45 2 InformationRequest finished in 95.9316ms 200 
03/08/2019 09:14:46 3 InformationRoute matched with {action = "Index", controller = "Home"}. Executing controller action with signature Microsoft.AspNetCore.Mvc.IActionResult Index() on controller TicTacToe.Controllers.HomeController (TicTacToe).
03/08/2019 09:14:46 1 InformationExecuting action method TicTacToe.Controllers.HomeController.Index (TicTacToe) - Validation state: Valid
03/08/2019 09:14:46 2 InformationExecuted action method TicTacToe.Controllers.HomeController.Index (TicTacToe), returned result Microsoft.AspNetCore.Mvc.ViewResult in 117.1131ms.
03/08/2019 09:14:46 1 InformationExecuting ViewResult, running view Index.
03/08/2019 09:14:46 4 InformationExecuted ViewResult - view Index executed in 407.1394ms.
03/08/2019 09:14:46 2 InformationExecuted action TicTacToe.Controllers.HomeController.Index (TicTacToe) in 658.055ms
2019-08-03 09:14:47 2 InformationRequest finished in 1257.9142ms 200 text/html; charset=utf-8
2019-08-03 09:14:47 1 InformationRequest starting HTTP/1.1 GET http://localhost:44315/js/site.min.js?v=WioGzW0g1dCdQe-CD4-0XA8HHhXh-LPpHiVBZDxYYNU  
2019-08-03 09:14:47 1 InformationRequest starting HTTP/1.1 GET http://localhost:44315/css/site.min.css?v=88ckcPm6KGGopSq4FjDTYkuvtxji_WGWj2rsZ6LM5gA  
2019-08-03 09:14:47 2 InformationSending file. Request path: '/css/site.min.css'. Physical path: 'F:\Informatyka\.NET Core\Repos\TicTacToe\wwwroot\css\site.min.css'
2019-08-03 09:14:47 2 InformationSending file. Request path: '/js/site.min.js'. Physical path: 'F:\Informatyka\.NET Core\Repos\TicTacToe\wwwroot\js\site.min.js'
2019-08-03 09:14:47 2 InformationRequest finished in 136.5573ms 200 text/css
2019-08-03 09:14:47 2 InformationRequest finished in 290.4534ms 200 application/javascript
2019-08-03 09:14:47 1 InformationRequest starting HTTP/1.1 GET http://localhost:44315/lib/bootstrap/dist/css/bootstrap.min.css  
2019-08-03 09:14:47 2 InformationSending file. Request path: '/lib/bootstrap/dist/css/bootstrap.min.css'. Physical path: 'F:\Informatyka\.NET Core\Repos\TicTacToe\wwwroot\lib\bootstrap\dist\css\bootstrap.min.css'
2019-08-03 09:14:47 2 InformationRequest finished in 43.5434ms 200 text/css
2019-08-03 09:14:54 1 InformationRequest starting HTTP/1.1 GET http://localhost:44315/UserRegistration  
03/08/2019 09:14:54 3 InformationRoute matched with {action = "Index", controller = "UserRegistration"}. Executing controller action with signature Microsoft.AspNetCore.Mvc.IActionResult Index() on controller TicTacToe.Controllers.UserRegistrationController (TicTacToe).
03/08/2019 09:14:54 1 InformationExecuting action method TicTacToe.Controllers.UserRegistrationController.Index (TicTacToe) - Validation state: Valid
03/08/2019 09:14:54 2 InformationExecuted action method TicTacToe.Controllers.UserRegistrationController.Index (TicTacToe), returned result Microsoft.AspNetCore.Mvc.ViewResult in 0.3536ms.
03/08/2019 09:14:54 1 InformationExecuting ViewResult, running view Index.
03/08/2019 09:14:55 4 InformationExecuted ViewResult - view Index executed in 113.1017ms.
03/08/2019 09:14:55 2 InformationExecuted action TicTacToe.Controllers.UserRegistrationController.Index (TicTacToe) in 134.7351ms
2019-08-03 09:14:55 2 InformationRequest finished in 159.3247ms 200 text/html; charset=utf-8
2019-08-03 09:14:55 1 InformationRequest starting HTTP/1.1 GET http://localhost:44315/js/site.min.js?v=WioGzW0g1dCdQe-CD4-0XA8HHhXh-LPpHiVBZDxYYNU  
2019-08-03 09:14:55 1 InformationRequest starting HTTP/1.1 GET http://localhost:44315/css/site.min.css?v=88ckcPm6KGGopSq4FjDTYkuvtxji_WGWj2rsZ6LM5gA  
2019-08-03 09:14:55 2 InformationSending file. Request path: '/js/site.min.js'. Physical path: 'F:\Informatyka\.NET Core\Repos\TicTacToe\wwwroot\js\site.min.js'
2019-08-03 09:14:55 2 InformationSending file. Request path: '/css/site.min.css'. Physical path: 'F:\Informatyka\.NET Core\Repos\TicTacToe\wwwroot\css\site.min.css'
2019-08-03 09:14:55 2 InformationRequest finished in 15.0486ms 200 application/javascript
2019-08-03 09:14:55 2 InformationRequest finished in 19.3211ms 200 text/css
2019-08-03 09:14:55 1 InformationRequest starting HTTP/1.1 GET http://localhost:44315/lib/bootstrap/dist/css/bootstrap.min.css  
2019-08-03 09:14:55 2 InformationSending file. Request path: '/lib/bootstrap/dist/css/bootstrap.min.css'. Physical path: 'F:\Informatyka\.NET Core\Repos\TicTacToe\wwwroot\lib\bootstrap\dist\css\bootstrap.min.css'
2019-08-03 09:14:55 2 InformationRequest finished in 25.5655ms 200 text/css
2019-08-03 09:15:03 1 InformationRequest starting HTTP/1.1 POST http://localhost:44315/UserRegistration application/x-www-form-urlencoded 236
03/08/2019 09:15:03 3 InformationRoute matched with {action = "Index", controller = "UserRegistration"}. Executing controller action with signature System.Threading.Tasks.Task`1[Microsoft.AspNetCore.Mvc.IActionResult] Index(TicTacToe.Models.UserModel) on controller TicTacToe.Controllers.UserRegistrationController (TicTacToe).
03/08/2019 09:15:03 1 InformationExecuting action method TicTacToe.Controllers.UserRegistrationController.Index (TicTacToe) - Validation state: Valid
03/08/2019 09:15:03 2 InformationExecuted action method TicTacToe.Controllers.UserRegistrationController.Index (TicTacToe), returned result Microsoft.AspNetCore.Mvc.RedirectToActionResult in 4.2118ms.
03/08/2019 09:15:03 1 InformationExecuting RedirectResult, redirecting to /UserRegistration/EmailConfirmation?Email=d2@D.D.
03/08/2019 09:15:03 2 InformationExecuted action TicTacToe.Controllers.UserRegistrationController.Index (TicTacToe) in 86.3067ms
2019-08-03 09:15:03 2 InformationRequest finished in 126.4325ms 302 
2019-08-03 09:15:03 1 InformationRequest starting HTTP/1.1 GET http://localhost:44315/UserRegistration/EmailConfirmation?Email=d2@D.D  
2019-08-03 09:15:03 1 WarningCultureProviderResolverService returned the following unsupported cultures ''.
2019-08-03 09:15:03 2 WarningCultureProviderResolverService returned the following unsupported UI Cultures ''.
03/08/2019 09:15:03 3 InformationRoute matched with {action = "EmailConfirmation", controller = "UserRegistration"}. Executing controller action with signature System.Threading.Tasks.Task`1[Microsoft.AspNetCore.Mvc.IActionResult] EmailConfirmation(System.String) on controller TicTacToe.Controllers.UserRegistrationController (TicTacToe).
03/08/2019 09:15:03 1 InformationExecuting action method TicTacToe.Controllers.UserRegistrationController.EmailConfirmation (TicTacToe) - Validation state: Valid
03/08/2019 09:15:03 0 Information##Start## E-mail confirmation process d2@D.D
03/08/2019 09:15:03 0 Information##Start sendEmail method## Start sending email to d2@D.D
03/08/2019 09:15:05 0 ErrorCan't send an e-mail System.Net.Mail.SmtpException: Failure sending mail. ---> System.Net.Internals.SocketExceptionFactory+ExtendedSocketException: Nie można nawiązać połączenia, ponieważ komputer docelowy aktywnie go odmawia 127.0.0.1:25
   at System.Net.Sockets.Socket.DoConnect(EndPoint endPointSnapshot, SocketAddress socketAddress)
   at System.Net.Sockets.Socket.Connect(EndPoint remoteEP)
   at System.Net.Sockets.TcpClient.Connect(IPEndPoint remoteEP)
   at System.Net.Sockets.TcpClient.Connect(String hostname, Int32 port)
--- End of stack trace from previous location where exception was thrown ---
   at System.Net.Sockets.TcpClient.Connect(String hostname, Int32 port)
   at System.Net.Mail.SmtpConnection.GetConnection(String host, Int32 port)
   at System.Net.Mail.SmtpTransport.GetConnection(String host, Int32 port)
   at System.Net.Mail.SmtpClient.GetConnection()
   at System.Net.Mail.SmtpClient.Send(MailMessage message)
   --- End of inner exception stack trace ---
   at System.Net.Mail.SmtpClient.Send(MailMessage message)
   at TicTacToe.Services.EmailService.SendEmail(String emailtTo, String subject, String message) in F:\Informatyka\.NET Core\Repos\TicTacToe\Services\EmailService.cs:line 42
03/08/2019 09:15:05 2 InformationExecuted action method TicTacToe.Controllers.UserRegistrationController.EmailConfirmation (TicTacToe), returned result Microsoft.AspNetCore.Mvc.ViewResult in 2277.9883ms.
03/08/2019 09:15:05 1 InformationExecuting ViewResult, running view EmailConfirmation.
03/08/2019 09:15:05 4 InformationExecuted ViewResult - view EmailConfirmation executed in 23.6433ms.
03/08/2019 09:15:05 2 InformationExecuted action TicTacToe.Controllers.UserRegistrationController.EmailConfirmation (TicTacToe) in 2321.3373ms
2019-08-03 09:15:05 2 InformationRequest finished in 2346.4833ms 200 text/html; charset=utf-8
2019-08-03 09:15:05 1 InformationRequest starting HTTP/1.1 GET http://localhost:44315/js/site.min.js?v=WioGzW0g1dCdQe-CD4-0XA8HHhXh-LPpHiVBZDxYYNU  
2019-08-03 09:15:05 1 InformationRequest starting HTTP/1.1 GET http://localhost:44315/css/site.min.css?v=88ckcPm6KGGopSq4FjDTYkuvtxji_WGWj2rsZ6LM5gA  
2019-08-03 09:15:05 2 InformationSending file. Request path: '/js/site.min.js'. Physical path: 'F:\Informatyka\.NET Core\Repos\TicTacToe\wwwroot\js\site.min.js'
2019-08-03 09:15:05 2 InformationSending file. Request path: '/css/site.min.css'. Physical path: 'F:\Informatyka\.NET Core\Repos\TicTacToe\wwwroot\css\site.min.css'
2019-08-03 09:15:05 2 InformationRequest finished in 37.8956ms 200 application/javascript
2019-08-03 09:15:05 2 InformationRequest finished in 45.292ms 200 text/css
2019-08-03 09:15:05 1 InformationRequest starting HTTP/1.1 GET http://localhost:44315/lib/bootstrap/dist/css/bootstrap.min.css  
2019-08-03 09:15:05 2 InformationSending file. Request path: '/lib/bootstrap/dist/css/bootstrap.min.css'. Physical path: 'F:\Informatyka\.NET Core\Repos\TicTacToe\wwwroot\lib\bootstrap\dist\css\bootstrap.min.css'
2019-08-03 09:15:05 2 InformationRequest finished in 27.818ms 200 text/css
2019-08-03 09:15:07 1 InformationRequest starting HTTP/1.1 GET http://localhost:44315/CheckEmailConfirmationStatus  
2019-08-03 09:15:07 1 InformationRequest starting HTTP/1.1 GET http://localhost:44315/GameInvitation?email=d2@D.D  
2019-08-03 09:15:07 1 WarningCultureProviderResolverService returned the following unsupported cultures ''.
2019-08-03 09:15:07 2 WarningCultureProviderResolverService returned the following unsupported UI Cultures ''.
03/08/2019 09:15:07 3 InformationRoute matched with {action = "Index", controller = "GameInvitation"}. Executing controller action with signature System.Threading.Tasks.Task`1[Microsoft.AspNetCore.Mvc.IActionResult] Index(System.String) on controller TicTacToe.Controllers.GameInvitationController (TicTacToe).
03/08/2019 09:15:07 1 InformationExecuting action method TicTacToe.Controllers.GameInvitationController.Index (TicTacToe) - Validation state: Valid
03/08/2019 09:15:07 2 InformationExecuted action method TicTacToe.Controllers.GameInvitationController.Index (TicTacToe), returned result Microsoft.AspNetCore.Mvc.ViewResult in 1.3618ms.
03/08/2019 09:15:07 1 InformationExecuting ViewResult, running view Index.
03/08/2019 09:15:07 4 InformationExecuted ViewResult - view Index executed in 25.8538ms.
03/08/2019 09:15:07 2 InformationExecuted action TicTacToe.Controllers.GameInvitationController.Index (TicTacToe) in 39.452ms
2019-08-03 09:15:07 3 InformationSession started; Key:3585a217-06f0-58dd-c74d-9278b93f337a, Id:94f71ec1-0acc-eef9-6a9d-48fbc9fb69e9
2019-08-03 09:15:07 2 InformationRequest finished in 70.9217ms 200 text/html; charset=utf-8
2019-08-03 09:15:07 1 InformationRequest starting HTTP/1.1 GET http://localhost:44315/js/site.min.js?v=WioGzW0g1dCdQe-CD4-0XA8HHhXh-LPpHiVBZDxYYNU  
2019-08-03 09:15:08 1 InformationRequest starting HTTP/1.1 GET http://localhost:44315/css/site.min.css?v=88ckcPm6KGGopSq4FjDTYkuvtxji_WGWj2rsZ6LM5gA  
2019-08-03 09:15:08 2 InformationSending file. Request path: '/js/site.min.js'. Physical path: 'F:\Informatyka\.NET Core\Repos\TicTacToe\wwwroot\js\site.min.js'
2019-08-03 09:15:08 2 InformationRequest finished in 95.3068ms 200 application/javascript
2019-08-03 09:15:08 2 InformationSending file. Request path: '/css/site.min.css'. Physical path: 'F:\Informatyka\.NET Core\Repos\TicTacToe\wwwroot\css\site.min.css'
2019-08-03 09:15:08 1 InformationRequest starting HTTP/1.1 GET http://localhost:44315/lib/bootstrap/dist/css/bootstrap.min.css  
2019-08-03 09:15:08 2 InformationRequest finished in 151.9145ms 200 text/css
2019-08-03 09:15:08 2 InformationSending file. Request path: '/lib/bootstrap/dist/css/bootstrap.min.css'. Physical path: 'F:\Informatyka\.NET Core\Repos\TicTacToe\wwwroot\lib\bootstrap\dist\css\bootstrap.min.css'
2019-08-03 09:15:08 2 InformationRequest finished in 38.6188ms 200 text/css
2019-08-03 09:15:08 2 InformationRequest finished in 713.4418ms 101 
2019-08-03 09:15:09 1 InformationRequest starting HTTP/1.1 POST http://localhost:44315/GameInvitation application/x-www-form-urlencoded 199
03/08/2019 09:15:10 3 InformationRoute matched with {action = "Index", controller = "GameInvitation"}. Executing controller action with signature Microsoft.AspNetCore.Mvc.IActionResult Index(TicTacToe.Models.GameInvitationModel, TicTacToe.Services.IEmailService) on controller TicTacToe.Controllers.GameInvitationController (TicTacToe).
03/08/2019 09:15:10 1 InformationExecuting action method TicTacToe.Controllers.GameInvitationController.Index (TicTacToe) - Validation state: Valid
03/08/2019 09:15:10 0 Information##Start sendEmail method## Start sending email to fd@.pl
03/08/2019 09:15:10 0 ErrorCan't send an e-mail System.FormatException: An invalid character was found in the mail header: '.'.
   at System.Net.Mail.DotAtomReader.ReadReverse(String data, Int32 index)
   at System.Net.Mail.MailAddressParser.ParseDomain(String data, Int32& index)
   at System.Net.Mail.MailAddressParser.ParseAddress(String data, Boolean expectMultipleAddresses, Int32& index)
   at System.Net.Mail.MailAddressParser.ParseMultipleAddresses(String data)
   at System.Net.Mail.MailAddressCollection.ParseValue(String addresses)
   at System.Net.Mail.MailAddressCollection.Add(String addresses)
   at System.Net.Mail.Message..ctor(String from, String to)
   at System.Net.Mail.MailMessage..ctor(String from, String to)
   at System.Net.Mail.MailMessage..ctor(String from, String to, String subject, String body)
   at TicTacToe.Services.EmailService.SendEmail(String emailtTo, String subject, String message) in F:\Informatyka\.NET Core\Repos\TicTacToe\Services\EmailService.cs:line 42
03/08/2019 09:15:10 2 InformationExecuted action method TicTacToe.Controllers.GameInvitationController.Index (TicTacToe), returned result Microsoft.AspNetCore.Mvc.RedirectToActionResult in 66.1207ms.
03/08/2019 09:15:10 1 InformationExecuting RedirectResult, redirecting to /GameInvitation/GameInvitationConfirmation/d59cb7c7-6415-486a-9e8f-b0d42587e1ea.
03/08/2019 09:15:10 2 InformationExecuted action TicTacToe.Controllers.GameInvitationController.Index (TicTacToe) in 82.2637ms
2019-08-03 09:15:10 2 InformationRequest finished in 99.9966ms 302 
2019-08-03 09:15:10 1 InformationRequest starting HTTP/1.1 GET http://localhost:44315/GameInvitation/GameInvitationConfirmation/d59cb7c7-6415-486a-9e8f-b0d42587e1ea  
03/08/2019 09:15:10 3 InformationRoute matched with {action = "GameInvitationConfirmation", controller = "GameInvitation"}. Executing controller action with signature Microsoft.AspNetCore.Mvc.IActionResult GameInvitationConfirmation(System.Guid, TicTacToe.Services.IGameInvitationService) on controller TicTacToe.Controllers.GameInvitationController (TicTacToe).
03/08/2019 09:15:10 1 InformationExecuting action method TicTacToe.Controllers.GameInvitationController.GameInvitationConfirmation (TicTacToe) - Validation state: Valid
03/08/2019 09:15:10 2 InformationExecuted action method TicTacToe.Controllers.GameInvitationController.GameInvitationConfirmation (TicTacToe), returned result Microsoft.AspNetCore.Mvc.ViewResult in 1.2278ms.
03/08/2019 09:15:10 1 InformationExecuting ViewResult, running view GameInvitationConfirmation.
03/08/2019 09:15:10 4 InformationExecuted ViewResult - view GameInvitationConfirmation executed in 14.7916ms.
03/08/2019 09:15:10 2 InformationExecuted action TicTacToe.Controllers.GameInvitationController.GameInvitationConfirmation (TicTacToe) in 26.3243ms
2019-08-03 09:15:10 2 InformationRequest finished in 38.8711ms 200 text/html; charset=utf-8
2019-08-03 09:15:10 1 InformationRequest starting HTTP/1.1 GET http://localhost:44315/css/site.min.css?v=88ckcPm6KGGopSq4FjDTYkuvtxji_WGWj2rsZ6LM5gA  
2019-08-03 09:15:10 1 InformationRequest starting HTTP/1.1 GET http://localhost:44315/js/site.min.js?v=WioGzW0g1dCdQe-CD4-0XA8HHhXh-LPpHiVBZDxYYNU  
2019-08-03 09:15:10 2 InformationSending file. Request path: '/css/site.min.css'. Physical path: 'F:\Informatyka\.NET Core\Repos\TicTacToe\wwwroot\css\site.min.css'
2019-08-03 09:15:10 2 InformationSending file. Request path: '/js/site.min.js'. Physical path: 'F:\Informatyka\.NET Core\Repos\TicTacToe\wwwroot\js\site.min.js'
2019-08-03 09:15:10 2 InformationRequest finished in 16.8283ms 200 text/css
2019-08-03 09:15:10 2 InformationRequest finished in 21.0098ms 200 application/javascript
2019-08-03 09:15:10 1 InformationRequest starting HTTP/1.1 GET http://localhost:44315/lib/bootstrap/dist/css/bootstrap.min.css  
2019-08-03 09:15:10 2 InformationSending file. Request path: '/lib/bootstrap/dist/css/bootstrap.min.css'. Physical path: 'F:\Informatyka\.NET Core\Repos\TicTacToe\wwwroot\lib\bootstrap\dist\css\bootstrap.min.css'
2019-08-03 09:15:10 2 InformationRequest finished in 24.6816ms 200 text/css
